

Version:	3.50
CmdLine:	C:\Users\randk\Desktop\Docsign\DocSign.exe --l4j-debug
JNI:		No
WOW64:		Yes
Working dir:	C:\Users\randk\Desktop\Docsign\.
Requires JDK:	No
Requires 64-Bit: No
Java min ver:	
Java max ver:	
Substitute:	JAVA_HOME = C:\Program Files\Eclipse Adoptium\jdk-21.0.6.7-hotspot
Substitute:	PATH = C:\Program Files\Eclipse Adoptium\jdk-21.0.6.7-hotspot\bin;C:\Program Files\Common Files\Oracle\Java\javapath;C:\Program Files\Oculus\Support\oculus-runtime;C:\Program Files (x86)\Razer Chroma SDK\bin;C:\Program Files\Razer Chroma SDK\bin;C:\Program Files (x86)\Razer\ChromaBroadcast\bin;C:\Program Files\Razer\ChromaBroadcast\bin;C:\Program Files\Amazon Corretto\jdk1.8.0_412\bin;C:\Windows\system32;C:\Windows;C:\Windows\System32\Wbem;C:\Windows\System32\WindowsPowerShell\v1.0\;C:\Windows\System32\OpenSSH\;C:\Program Files (x86)\NVIDIA Corporation\PhysX\Common;C:\Program Files\NVIDIA Corporation\NVIDIA NvDLISR;C:\Program Files\Git\cmd;C:\Windows\system32\config\systemprofile\AppData\Local\Microsoft\WindowsApps;C:\Program Files\apache-maven-3.9.9\bin;;C:\Program Files\Docker\Docker\resources\bin;C:\Program Files\WiX Toolset v6.0\bin\;C:\Users\randk\AppData\Local\Programs\Python\Python313\Scripts\;C:\Users\randk\AppData\Local\Programs\Python\Python313\;C:\Users\randk\scoop\apps\maven\current\bin;C:\Users\randk\scoop\shims;C:\Users\randk\AppData\Local\Microsoft\WindowsApps;C:\Program Files (x86)\WiX Toolset v3.11\bin;;C:\Program Files\Eclipse Adoptium\jdk-21.0.6.7-hotspot\bin
JRE paths:	C:\Program Files\Eclipse Adoptium\jdk-21.0.6.7-hotspot;C:\Program Files\Eclipse Adoptium\jdk-21.0.6.7-hotspot\bin;C:\Program Files\Common Files\Oracle\Java\javapath;C:\Program Files\Oculus\Support\oculus-runtime;C:\Program Files (x86)\Razer Chroma SDK\bin;C:\Program Files\Razer Chroma SDK\bin;C:\Program Files (x86)\Razer\ChromaBroadcast\bin;C:\Program Files\Razer\ChromaBroadcast\bin;C:\Program Files\Amazon Corretto\jdk1.8.0_412\bin;C:\Windows\system32;C:\Windows;C:\Windows\System32\Wbem;C:\Windows\System32\WindowsPowerShell\v1.0\;C:\Windows\System32\OpenSSH\;C:\Program Files (x86)\NVIDIA Corporation\PhysX\Common;C:\Program Files\NVIDIA Corporation\NVIDIA NvDLISR;C:\Program Files\Git\cmd;C:\Windows\system32\config\systemprofile\AppData\Local\Microsoft\WindowsApps;C:\Program Files\apache-maven-3.9.9\bin;;C:\Program Files\Docker\Docker\resources\bin;C:\Program Files\WiX Toolset v6.0\bin\;C:\Users\randk\AppData\Local\Programs\Python\Python313\Scripts\;C:\Users\randk\AppData\Local\Programs\Python\Python313\;C:\Users\randk\scoop\apps\maven\current\bin;C:\Users\randk\scoop\shims;C:\Users\randk\AppData\Local\Microsoft\WindowsApps;C:\Program Files (x86)\WiX Toolset v3.11\bin;;C:\Program Files\Eclipse Adoptium\jdk-21.0.6.7-hotspot\bin
Check launcher:	C:\Program Files\Eclipse Adoptium\jdk-21.0.6.7-hotspot\bin\javaw.exe (OK)
Version string: 1.021.000_006 / 64-Bit (OK)
Launcher:	C:\Program Files\Eclipse Adoptium\jdk-21.0.6.7-hotspot\bin\javaw.exe
Launcher args:	-jar "C:\Users\randk\Desktop\Docsign\DocSign.exe"
Args length:	49/32768 chars
Exit code:	0


Version:	3.50
CmdLine:	C:\Users\randk\Desktop\Docsign\DocSign.exe --l4j-debug
JNI:		No
WOW64:		Yes
Working dir:	C:\Users\randk\Desktop\Docsign\.
Requires JDK:	No
Requires 64-Bit: No
Java min ver:	1.017.000
Java max ver:	
JRE paths:	\runtime\lib
Check launcher:	\runtime\lib\bin\javaw.exe (not found)
64-bit search:	SOFTWARE\JavaSoft\Java Runtime Environment...
32-bit search:	SOFTWARE\JavaSoft\Java Runtime Environment...
64-bit search:	SOFTWARE\JavaSoft\Java Development Kit...
32-bit search:	SOFTWARE\JavaSoft\Java Development Kit...
64-bit search:	SOFTWARE\JavaSoft\JRE...
32-bit search:	SOFTWARE\JavaSoft\JRE...
64-bit search:	SOFTWARE\JavaSoft\JDK...
Check:		SOFTWARE\JavaSoft\JDK\21.0.5
Version string: 1.021.000_005 / 64-Bit (OK)
Check launcher:	C:\Program Files\Java\jdk-21\bin\javaw.exe (OK)
Match:		1.021.000_005
Runtime used:	1.021.000_005 (64-bit)
Launcher:	C:\Program Files\Java\jdk-21\bin\javaw.exe
Launcher args:	--module-path \jre\lib --add-modules javafx.controls,javafx.graphics,javafx.base,javafx.swing -Xmx2048m -jar "C:\Users\randk\Desktop\Docsign\DocSign.exe"
Args length:	153/32768 chars
Exit code:	0


Version:	3.50
CmdLine:	C:\Users\randk\Desktop\Docsign\DocSign.exe --l4j-debug
JNI:		No
WOW64:		Yes
Working dir:	C:\Users\randk\Desktop\Docsign\.
Requires JDK:	No
Requires 64-Bit: No
Java min ver:	1.017.000
Java max ver:	
JRE paths:	C:\Users\randk\Desktop\Docsign\runtime\lib
Check launcher:	C:\Users\randk\Desktop\Docsign\runtime\lib\bin\javaw.exe (not found)
64-bit search:	SOFTWARE\JavaSoft\Java Runtime Environment...
32-bit search:	SOFTWARE\JavaSoft\Java Runtime Environment...
64-bit search:	SOFTWARE\JavaSoft\Java Development Kit...
32-bit search:	SOFTWARE\JavaSoft\Java Development Kit...
64-bit search:	SOFTWARE\JavaSoft\JRE...
32-bit search:	SOFTWARE\JavaSoft\JRE...
64-bit search:	SOFTWARE\JavaSoft\JDK...
Check:		SOFTWARE\JavaSoft\JDK\21.0.5
Version string: 1.021.000_005 / 64-Bit (OK)
Check launcher:	C:\Program Files\Java\jdk-21\bin\javaw.exe (OK)
Match:		1.021.000_005
Runtime used:	1.021.000_005 (64-bit)
Launcher:	C:\Program Files\Java\jdk-21\bin\javaw.exe
Launcher args:	-jar "C:\Users\randk\Desktop\Docsign\DocSign.exe"
Args length:	49/32768 chars
Exit code:	0


Version:	3.50
CmdLine:	C:\Users\randk\Desktop\Docsign\DocSign.exe --l4j-debug
JNI:		No
WOW64:		Yes
Working dir:	C:\Users\randk\Desktop\Docsign\.
Requires JDK:	No
Requires 64-Bit: No
Java min ver:	1.017.000
Java max ver:	
JRE paths:	C:\Users\randk\Desktop\Docsign\runtime
Check launcher:	C:\Users\randk\Desktop\Docsign\runtime\bin\javaw.exe (OK)
Version string: 1.021.000_006 / 64-Bit (OK)
Launcher:	C:\Users\randk\Desktop\Docsign\runtime\bin\javaw.exe
Launcher args:	--module-path \jre\lib --add-modules javafx.controls,javafx.graphics,javafx.base,javafx.swing -Xmx2048m -jar "C:\Users\randk\Desktop\Docsign\DocSign.exe"
Args length:	153/32768 chars
Exit code:	0


Version:	3.50
CmdLine:	C:\Users\randk\Desktop\Docsign\DocSign.exe --l4j-debug
JNI:		No
WOW64:		Yes
Working dir:	C:\Users\randk\Desktop\Docsign\.
Requires JDK:	No
Requires 64-Bit: No
Java min ver:	1.017.000
Java max ver:	
JRE paths:	C:\Users\randk\Desktop\Docsign\runtime\lib
Check launcher:	C:\Users\randk\Desktop\Docsign\runtime\lib\bin\javaw.exe (not found)
64-bit search:	SOFTWARE\JavaSoft\Java Runtime Environment...
32-bit search:	SOFTWARE\JavaSoft\Java Runtime Environment...
64-bit search:	SOFTWARE\JavaSoft\Java Development Kit...
32-bit search:	SOFTWARE\JavaSoft\Java Development Kit...
64-bit search:	SOFTWARE\JavaSoft\JRE...
32-bit search:	SOFTWARE\JavaSoft\JRE...
64-bit search:	SOFTWARE\JavaSoft\JDK...
Check:		SOFTWARE\JavaSoft\JDK\21.0.5
Version string: 1.021.000_005 / 64-Bit (OK)
Check launcher:	C:\Program Files\Java\jdk-21\bin\javaw.exe (OK)
Match:		1.021.000_005
Runtime used:	1.021.000_005 (64-bit)
Launcher:	C:\Program Files\Java\jdk-21\bin\javaw.exe
Launcher args:	--module-path \jre\lib --add-modules javafx.controls,javafx.graphics,javafx.base,javafx.swing -Xmx2048m -jar "C:\Users\randk\Desktop\Docsign\DocSign.exe"
Args length:	153/32768 chars
Exit code:	0


Version:	3.50
CmdLine:	C:\Users\randk\Desktop\Docsign\DocSign.exe --l4j-debug
JNI:		No
WOW64:		Yes
Working dir:	C:\Users\randk\Desktop\Docsign\.
Requires JDK:	No
Requires 64-Bit: No
Java min ver:	1.017.000
Java max ver:	
JRE paths:	C:\Users\randk\Desktop\Docsign\runtime\lib
Check launcher:	C:\Users\randk\Desktop\Docsign\runtime\lib\bin\javaw.exe (not found)
64-bit search:	SOFTWARE\JavaSoft\Java Runtime Environment...
32-bit search:	SOFTWARE\JavaSoft\Java Runtime Environment...
64-bit search:	SOFTWARE\JavaSoft\Java Development Kit...
32-bit search:	SOFTWARE\JavaSoft\Java Development Kit...
64-bit search:	SOFTWARE\JavaSoft\JRE...
32-bit search:	SOFTWARE\JavaSoft\JRE...
64-bit search:	SOFTWARE\JavaSoft\JDK...
Check:		SOFTWARE\JavaSoft\JDK\21.0.5
Version string: 1.021.000_005 / 64-Bit (OK)
Check launcher:	C:\Program Files\Java\jdk-21\bin\javaw.exe (OK)
Match:		1.021.000_005
Runtime used:	1.021.000_005 (64-bit)
Launcher:	C:\Program Files\Java\jdk-21\bin\javaw.exe
Launcher args:	--module-path \jre\lib --add-modules javafx.controls,javafx.graphics,javafx.base,javafx.swing -Xmx2048m -jar "C:\Users\randk\Desktop\Docsign\DocSign.exe"
Args length:	153/32768 chars
Exit code:	0


Version:	3.50
CmdLine:	C:\Users\randk\Desktop\Docsign\DocSign.exe --l4j-debug
JNI:		No
WOW64:		Yes
Working dir:	C:\Users\randk\Desktop\Docsign\.
Requires JDK:	No
Requires 64-Bit: No
Java min ver:	1.017.000
Java max ver:	
JRE paths:	C:\Users\randk\Desktop\Docsign\runtime\lib
Check launcher:	C:\Users\randk\Desktop\Docsign\runtime\lib\bin\javaw.exe (not found)
64-bit search:	SOFTWARE\JavaSoft\Java Runtime Environment...
32-bit search:	SOFTWARE\JavaSoft\Java Runtime Environment...
64-bit search:	SOFTWARE\JavaSoft\Java Development Kit...
32-bit search:	SOFTWARE\JavaSoft\Java Development Kit...
64-bit search:	SOFTWARE\JavaSoft\JRE...
32-bit search:	SOFTWARE\JavaSoft\JRE...
64-bit search:	SOFTWARE\JavaSoft\JDK...
Check:		SOFTWARE\JavaSoft\JDK\21.0.5
Version string: 1.021.000_005 / 64-Bit (OK)
Check launcher:	C:\Program Files\Java\jdk-21\bin\javaw.exe (OK)
Match:		1.021.000_005
Runtime used:	1.021.000_005 (64-bit)
Launcher:	C:\Program Files\Java\jdk-21\bin\javaw.exe
Launcher args:	--module-path \jre\lib --add-modules javafx.controls,javafx.graphics,javafx.base,javafx.swing -Xmx2048m -jar "C:\Users\randk\Desktop\Docsign\DocSign.exe"
Args length:	153/32768 chars
Exit code:	0


Version:	3.50
CmdLine:	C:\Users\randk\Desktop\Docsign\DocSign.exe --l4j-debug
JNI:		No
WOW64:		Yes
Working dir:	C:\Users\randk\Desktop\Docsign\.
Requires JDK:	No
Requires 64-Bit: Yes
Java min ver:	1.017.000
Java max ver:	
JRE paths:	C:\Users\randk\Desktop\javafx-sdk-21.0.7\lib
Check launcher:	C:\Users\randk\Desktop\javafx-sdk-21.0.7\lib\bin\javaw.exe (not found)
64-bit search:	SOFTWARE\JavaSoft\Java Runtime Environment...
64-bit search:	SOFTWARE\JavaSoft\Java Development Kit...
64-bit search:	SOFTWARE\JavaSoft\JRE...
64-bit search:	SOFTWARE\JavaSoft\JDK...
Check:		SOFTWARE\JavaSoft\JDK\21.0.5
Version string: 1.021.000_005 / 64-Bit (OK)
Check launcher:	C:\Program Files\Java\jdk-21\bin\javaw.exe (OK)
Match:		1.021.000_005
Runtime used:	1.021.000_005 (64-bit)
Launcher:	C:\Program Files\Java\jdk-21\bin\javaw.exe
Launcher args:	-jar "C:\Users\randk\Desktop\Docsign\DocSign.exe"
Args length:	49/32768 chars
Exit code:	0
